<?xml version="1.0" encoding="UTF-8"?>
<testsuite name="RPSgametest" tests="11" skipped="0" failures="0" errors="0" timestamp="2015-08-13T03:38:38" hostname="Nataliyas-MacBook-Pro.local" time="0.481">
  <properties/>
  <testcase name="checkWinner_userPaperLosesScissors_String" classname="RPSgametest" time="0.003"/>
  <testcase name="checkWinner_userScissorsLosesRock_String" classname="RPSgametest" time="0.001"/>
  <testcase name="checkWinner_userRockBeatsScissors_String" classname="RPSgametest" time="0.001"/>
  <testcase name="checkWinner_userRockLosesPaper_String" classname="RPSgametest" time="0.0"/>
  <testcase name="checkWinner_userScissorsBeatsPaper_String" classname="RPSgametest" time="0.0"/>
  <testcase name="checkWinner_userPaperBestsRock_String" classname="RPSgametest" time="0.001"/>
  <testcase name="rootTest" classname="RPSgametest" time="0.353"/>
  <testcase name="checkWinner_userScissorsTiesScissors_String" classname="RPSgametest" time="0.001"/>
  <testcase name="isResultDisplayed" classname="RPSgametest" time="0.068"/>
  <testcase name="checkWinner_userRockTiesRock_String" classname="RPSgametest" time="0.001"/>
  <testcase name="checkWinner_userPaperTiesPaper_String" classname="RPSgametest" time="0.0"/>
  <system-out><![CDATA[]]></system-out>
  <system-err><![CDATA[[Thread-4] INFO spark.webserver.SparkServer - == Spark has ignited ...
[Thread-4] INFO spark.webserver.SparkServer - >> Listening on 0.0.0.0:4567
[Thread-4] INFO org.eclipse.jetty.server.Server - jetty-9.0.2.v20130417
[Thread-4] INFO org.eclipse.jetty.server.ServerConnector - Started ServerConnector@4f6e602{HTTP/1.1}{0.0.0.0:4567}
[Test worker] INFO spark.webserver.SparkServer - >>> Spark shutting down ...
[Test worker] INFO org.eclipse.jetty.server.Server - Graceful shutdown org.eclipse.jetty.server.Server@2a95f567 by 
[Test worker] INFO org.eclipse.jetty.server.ServerConnector - Stopped ServerConnector@4f6e602{HTTP/1.1}{0.0.0.0:4567}
[Test worker] INFO spark.webserver.SparkServer - done
]]></system-err>
</testsuite>
